<?xml version="1.0" encoding="UTF-8"?>
<coverage generated="1667300398403" clover="3.2.0">
  <project timestamp="1667300398404" name="All files">
    <metrics statements="9" coveredstatements="9" conditionals="0" coveredconditionals="0" methods="3" coveredmethods="3" elements="12" coveredelements="12" complexity="0" loc="9" ncloc="9" packages="1" files="1" classes="1"/>
    <file name="NoteForm.js" path="/Users/surendra/Documents/notes-app/react-notes-app/src/components/NoteForm.js">
      <metrics statements="9" coveredstatements="9" conditionals="0" coveredconditionals="0" methods="3" coveredmethods="3"/>
      <line num="3" count="1" type="stmt"/>
      <line num="4" count="19" type="stmt"/>
      <line num="6" count="19" type="stmt"/>
      <line num="7" count="17" type="stmt"/>
      <line num="10" count="19" type="stmt"/>
      <line num="11" count="1" type="stmt"/>
      <line num="12" count="1" type="stmt"/>
      <line num="17" count="1" type="stmt"/>
      <line num="20" count="19" type="stmt"/>
    </file>
  </project>
</coverage>
